# JRE version: OpenJDK Runtime Environment (8.0_76-b03) (build 1.8.0_76-release-b03)
# Java VM: OpenJDK 64-Bit Server VM (25.76-b03 mixed mode windows-amd64 compressed oops)
Heap:
 PSYoungGen      total 297984K, used 51762K [0x00000000e0000000, 0x00000000f5680000, 0x0000000100000000)
  eden space 267776K, 16% used [0x00000000e0000000,0x00000000e2a3b490,0x00000000f0580000)
  from space 30208K, 28% used [0x00000000f2180000,0x00000000f29d1480,0x00000000f3f00000)
  to   space 28672K, 0% used [0x00000000f0580000,0x00000000f0580000,0x00000000f2180000)
 ParOldGen       total 192000K, used 41510K [0x00000000a0000000, 0x00000000abb80000, 0x00000000e0000000)
  object space 192000K, 21% used [0x00000000a0000000,0x00000000a2889a60,0x00000000abb80000)
 Metaspace       used 63499K, capacity 65428K, committed 65792K, reserved 1105920K
  class space    used 7970K, capacity 8337K, committed 8448K, reserved 1048576K
GC Heap History (10 events):
Event: 74.010 GC heap before
{Heap before GC invocations=19 (full 4):
 PSYoungGen      total 259072K, used 240352K [0x00000000e0000000, 0x00000000f2380000, 0x0000000100000000)
  eden space 236032K, 100% used [0x00000000e0000000,0x00000000ee680000,0x00000000ee680000)
  from space 23040K, 18% used [0x00000000f0d00000,0x00000000f1138000,0x00000000f2380000)
  to   space 31232K, 0% used [0x00000000ee680000,0x00000000ee680000,0x00000000f0500000)
 ParOldGen       total 192000K, used 41303K [0x00000000a0000000, 0x00000000abb80000, 0x00000000e0000000)
  object space 192000K, 21% used [0x00000000a0000000,0x00000000a2855d68,0x00000000abb80000)
 Metaspace       used 61881K, capacity 63546K, committed 63744K, reserved 1105920K
  class space    used 7870K, capacity 8192K, committed 8192K, reserved 1048576K
Event: 74.029 GC heap after
Heap after GC invocations=19 (full 4):
 PSYoungGen      total 267264K, used 15425K [0x00000000e0000000, 0x00000000f4700000, 0x0000000100000000)
  eden space 236032K, 0% used [0x00000000e0000000,0x00000000e0000000,0x00000000ee680000)
  from space 31232K, 49% used [0x00000000ee680000,0x00000000ef590490,0x00000000f0500000)
  to   space 30720K, 0% used [0x00000000f2900000,0x00000000f2900000,0x00000000f4700000)
 ParOldGen       total 192000K, used 41311K [0x00000000a0000000, 0x00000000abb80000, 0x00000000e0000000)
  object space 192000K, 21% used [0x00000000a0000000,0x00000000a2857d68,0x00000000abb80000)
 Metaspace       used 61881K, capacity 63546K, committed 63744K, reserved 1105920K
  class space    used 7870K, capacity 8192K, committed 8192K, reserved 1048576K
}
Event: 760.161 GC heap before
{Heap before GC invocations=20 (full 4):
 PSYoungGen      total 267264K, used 251457K [0x00000000e0000000, 0x00000000f4700000, 0x0000000100000000)
  eden space 236032K, 100% used [0x00000000e0000000,0x00000000ee680000,0x00000000ee680000)
  from space 31232K, 49% used [0x00000000ee680000,0x00000000ef590490,0x00000000f0500000)
  to   space 30720K, 0% used [0x00000000f2900000,0x00000000f2900000,0x00000000f4700000)
 ParOldGen       total 192000K, used 41311K [0x00000000a0000000, 0x00000000abb80000, 0x00000000e0000000)
  object space 192000K, 21% used [0x00000000a0000000,0x00000000a2857d68,0x00000000abb80000)
 Metaspace       used 62270K, capacity 63944K, committed 64128K, reserved 1105920K
  class space    used 7884K, capacity 8209K, committed 8320K, reserved 1048576K
Event: 760.172 GC heap after
Heap after GC invocations=20 (full 4):
 PSYoungGen      total 288768K, used 5216K [0x00000000e0000000, 0x00000000f3f00000, 0x0000000100000000)
  eden space 266240K, 0% used [0x00000000e0000000,0x00000000e0000000,0x00000000f0400000)
  from space 22528K, 23% used [0x00000000f2900000,0x00000000f2e18000,0x00000000f3f00000)
  to   space 30208K, 0% used [0x00000000f0400000,0x00000000f0400000,0x00000000f2180000)
 ParOldGen       total 192000K, used 41319K [0x00000000a0000000, 0x00000000abb80000, 0x00000000e0000000)
  object space 192000K, 21% used [0x00000000a0000000,0x00000000a2859d68,0x00000000abb80000)
 Metaspace       used 62270K, capacity 63944K, committed 64128K, reserved 1105920K
  class space    used 7884K, capacity 8209K, committed 8320K, reserved 1048576K
}
Event: 763.229 GC heap before
{Heap before GC invocations=21 (full 4):
 PSYoungGen      total 288768K, used 225079K [0x00000000e0000000, 0x00000000f3f00000, 0x0000000100000000)
  eden space 266240K, 82% used [0x00000000e0000000,0x00000000ed6b5c10,0x00000000f0400000)
  from space 22528K, 23% used [0x00000000f2900000,0x00000000f2e18000,0x00000000f3f00000)
  to   space 30208K, 0% used [0x00000000f0400000,0x00000000f0400000,0x00000000f2180000)
 ParOldGen       total 192000K, used 41319K [0x00000000a0000000, 0x00000000abb80000, 0x00000000e0000000)
  object space 192000K, 21% used [0x00000000a0000000,0x00000000a2859d68,0x00000000abb80000)
 Metaspace       used 63210K, capacity 64962K, committed 65152K, reserved 1105920K
  class space    used 7945K, capacity 8298K, committed 8320K, reserved 1048576K
Event: 763.237 GC heap after
Heap after GC invocations=21 (full 4):
 PSYoungGen      total 296448K, used 2833K [0x00000000e0000000, 0x00000000f3f00000, 0x0000000100000000)
  eden space 266240K, 0% used [0x00000000e0000000,0x00000000e0000000,0x00000000f0400000)
  from space 30208K, 9% used [0x00000000f0400000,0x00000000f06c4518,0x00000000f2180000)
  to   space 30208K, 0% used [0x00000000f2180000,0x00000000f2180000,0x00000000f3f00000)
 ParOldGen       total 192000K, used 41327K [0x00000000a0000000, 0x00000000abb80000, 0x00000000e0000000)
  object space 192000K, 21% used [0x00000000a0000000,0x00000000a285bd68,0x00000000abb80000)
 Metaspace       used 63210K, capacity 64962K, committed 65152K, reserved 1105920K
  class space    used 7945K, capacity 8298K, committed 8320K, reserved 1048576K
}
Event: 763.237 GC heap before
{Heap before GC invocations=22 (full 5):
 PSYoungGen      total 296448K, used 2833K [0x00000000e0000000, 0x00000000f3f00000, 0x0000000100000000)
  eden space 266240K, 0% used [0x00000000e0000000,0x00000000e0000000,0x00000000f0400000)
  from space 30208K, 9% used [0x00000000f0400000,0x00000000f06c4518,0x00000000f2180000)
  to   space 30208K, 0% used [0x00000000f2180000,0x00000000f2180000,0x00000000f3f00000)
 ParOldGen       total 192000K, used 41327K [0x00000000a0000000, 0x00000000abb80000, 0x00000000e0000000)
  object space 192000K, 21% used [0x00000000a0000000,0x00000000a285bd68,0x00000000abb80000)
 Metaspace       used 63210K, capacity 64962K, committed 65152K, reserved 1105920K
  class space    used 7945K, capacity 8298K, committed 8320K, reserved 1048576K
Event: 763.659 GC heap after
Heap after GC invocations=22 (full 5):
 PSYoungGen      total 296448K, used 0K [0x00000000e0000000, 0x00000000f3f00000, 0x0000000100000000)
  eden space 266240K, 0% used [0x00000000e0000000,0x00000000e0000000,0x00000000f0400000)
  from space 30208K, 0% used [0x00000000f0400000,0x00000000f0400000,0x00000000f2180000)
  to   space 30208K, 0% used [0x00000000f2180000,0x00000000f2180000,0x00000000f3f00000)
 ParOldGen       total 192000K, used 41510K [0x00000000a0000000, 0x00000000abb80000, 0x00000000e0000000)
  object space 192000K, 21% used [0x00000000a0000000,0x00000000a2889a60,0x00000000abb80000)
 Metaspace       used 63210K, capacity 64962K, committed 65152K, reserved 1105920K
  class space    used 7945K, capacity 8298K, committed 8320K, reserved 1048576K
}
Event: 825.619 GC heap before
{Heap before GC invocations=23 (full 5):
 PSYoungGen      total 296448K, used 266240K [0x00000000e0000000, 0x00000000f3f00000, 0x0000000100000000)
  eden space 266240K, 100% used [0x00000000e0000000,0x00000000f0400000,0x00000000f0400000)
  from space 30208K, 0% used [0x00000000f0400000,0x00000000f0400000,0x00000000f2180000)
  to   space 30208K, 0% used [0x00000000f2180000,0x00000000f2180000,0x00000000f3f00000)
 ParOldGen       total 192000K, used 41510K [0x00000000a0000000, 0x00000000abb80000, 0x00000000e0000000)
  object space 192000K, 21% used [0x00000000a0000000,0x00000000a2889a60,0x00000000abb80000)
 Metaspace       used 63499K, capacity 65428K, committed 65792K, reserved 1105920K
  class space    used 7970K, capacity 8337K, committed 8448K, reserved 1048576K
Event: 825.638 GC heap after
Heap after GC invocations=23 (full 5):
 PSYoungGen      total 297984K, used 8517K [0x00000000e0000000, 0x00000000f5680000, 0x0000000100000000)
  eden space 267776K, 0% used [0x00000000e0000000,0x00000000e0000000,0x00000000f0580000)
  from space 30208K, 28% used [0x00000000f2180000,0x00000000f29d1480,0x00000000f3f00000)
  to   space 28672K, 0% used [0x00000000f0580000,0x00000000f0580000,0x00000000f2180000)
 ParOldGen       total 192000K, used 41510K [0x00000000a0000000, 0x00000000abb80000, 0x00000000e0000000)
  object space 192000K, 21% used [0x00000000a0000000,0x00000000a2889a60,0x00000000abb80000)
 Metaspace       used 63499K, capacity 65428K, committed 65792K, reserved 1105920K
  class space    used 7970K, capacity 8337K, committed 8448K, reserved 1048576K
}

